app/seeds.txt
com.minamion.akashi_toolkit.Main.Main
com.minamion.akashi_toolkit.Main.Main: Main()
com.minamion.akashi_toolkit.OnOpen.Welcome
com.minamion.akashi_toolkit.OnOpen.Welcome: Welcome()
com.minamion.akashi_toolkit.R$anim: int abc_fade_in
com.minamion.akashi_toolkit.R$anim: int abc_fade_out
com.minamion.akashi_toolkit.R$anim: int abc_grow_fade_in_from_bottom
com.minamion.akashi_toolkit.R$anim: int abc_popup_enter
com.minamion.akashi_toolkit.R$anim: int abc_popup_exit
com.minamion.akashi_toolkit.R$anim: int abc_shrink_fade_out_from_bottom
com.minamion.akashi_toolkit.R$anim: int abc_slide_in_bottom
com.minamion.akashi_toolkit.R$anim: int abc_slide_in_top
com.minamion.akashi_toolkit.R$anim: int abc_slide_out_bottom
com.minamion.akashi_toolkit.R$anim: int abc_slide_out_top
com.minamion.akashi_toolkit.R$anim: int design_fab_in
com.minamion.akashi_toolkit.R$anim: int design_fab_out
com.minamion.akashi_toolkit.R$anim: int design_snackbar_in
com.minamion.akashi_toolkit.R$anim: int design_snackbar_out
com.minamion.akashi_toolkit.R$array: int items
com.minamion.akashi_toolkit.R$array: int titles
com.minamion.akashi_toolkit.R$attr: int actionBarDivider
com.minamion.akashi_toolkit.R$attr: int actionBarItemBackground
com.minamion.akashi_toolkit.R$attr: int actionBarPopupTheme
com.minamion.akashi_toolkit.R$attr: int actionBarSize
com.minamion.akashi_toolkit.R$attr: int actionBarSplitStyle
com.minamion.akashi_toolkit.R$attr: int actionBarStyle
com.minamion.akashi_toolkit.R$attr: int actionBarTabBarStyle
com.minamion.akashi_toolkit.R$attr: int actionBarTabStyle
com.minamion.akashi_toolkit.R$attr: int actionBarTabTextStyle
com.minamion.akashi_toolkit.R$attr: int actionBarTheme
com.minamion.akashi_toolkit.R$attr: int actionBarWidgetTheme
com.minamion.akashi_toolkit.R$attr: int actionButtonStyle
com.minamion.akashi_toolkit.R$attr: int actionDropDownStyle
com.minamion.akashi_toolkit.R$attr: int actionLayout
com.minamion.akashi_toolkit.R$attr: int actionMenuTextAppearance
com.minamion.akashi_toolkit.R$attr: int actionMenuTextColor
com.minamion.akashi_toolkit.R$attr: int actionModeBackground
com.minamion.akashi_toolkit.R$attr: int actionModeCloseButtonStyle
com.minamion.akashi_toolkit.R$attr: int actionModeCloseDrawable
com.minamion.akashi_toolkit.R$attr: int actionModeCopyDrawable
com.minamion.akashi_toolkit.R$attr: int actionModeCutDrawable
com.minamion.akashi_toolkit.R$attr: int actionModeFindDrawable
com.minamion.akashi_toolkit.R$attr: int actionModePasteDrawable
com.minamion.akashi_toolkit.R$attr: int actionModePopupWindowStyle
com.minamion.akashi_toolkit.R$bool: int abc_action_bar_embed_tabs
com.minamion.akashi_toolkit.R$bool: int abc_action_bar_embed_tabs_pre_jb
com.minamion.akashi_toolkit.R$bool: int abc_action_bar_expanded_action_views_exclusive
com.minamion.akashi_toolkit.R$bool: int abc_allow_stacked_button_bar
com.minamion.akashi_toolkit.R$bool: int abc_config_actionMenuItemAllCaps
com.minamion.akashi_toolkit.R$bool: int abc_config_allowActionMenuItemTextWithIcon
com.minamion.akashi_toolkit.R$bool: int abc_config_closeDialogWhenTouchOutside
com.minamion.akashi_toolkit.R$bool: int abc_config_showMenuShortcutsWhenKeyboardPresent
...
com.squareup.picasso.Picasso$RequestTransformer$1
com.squareup.picasso.Picasso$RequestTransformer$1: Picasso$RequestTransformer$1()
com.squareup.picasso.Picasso$RequestTransformer$1: com.squareup.picasso.Request transformRequest(com.squareup.picasso.Request)
com.squareup.picasso.PicassoDrawable
com.squareup.picasso.PicassoDrawable: android.graphics.Paint DEBUG_PAINT
com.squareup.picasso.PicassoDrawable: float FADE_DURATION
com.squareup.picasso.PicassoDrawable: boolean debugging
com.squareup.picasso.PicassoDrawable: float density
com.squareup.picasso.PicassoDrawable: com.squareup.picasso.Picasso$LoadedFrom loadedFrom
com.squareup.picasso.PicassoDrawable: android.graphics.drawable.Drawable placeholder
com.squareup.picasso.PicassoDrawable: long startTimeMillis
com.squareup.picasso.PicassoDrawable: boolean animating
com.squareup.picasso.PicassoDrawable: int alpha
com.squareup.picasso.PicassoDrawable: void setBitmap(android.widget.ImageView,android.content.Context,android.graphics.Bitmap,com.squareup.picasso.Picasso$LoadedFrom,boolean,boolean)
com.squareup.picasso.PicassoDrawable: void setPlaceholder(android.widget.ImageView,android.graphics.drawable.Drawable)
com.squareup.picasso.PicassoDrawable: PicassoDrawable(android.content.Context,android.graphics.Bitmap,android.graphics.drawable.Drawable,com.squareup.picasso.Picasso$LoadedFrom,boolean,boolean)
com.squareup.picasso.PicassoDrawable: void draw(android.graphics.Canvas)
com.squareup.picasso.PicassoDrawable: void setAlpha(int)
com.squareup.picasso.PicassoDrawable: void setColorFilter(android.graphics.ColorFilter)
com.squareup.picasso.PicassoDrawable: void onBoundsChange(android.graphics.Rect)
com.squareup.picasso.PicassoDrawable: void drawDebugIndicator(android.graphics.Canvas)
com.squareup.picasso.PicassoExecutorService
com.squareup.picasso.PicassoExecutorService: int DEFAULT_THREAD_COUNT
com.squareup.picasso.PicassoExecutorService: PicassoExecutorService()
com.squareup.picasso.PicassoExecutorService: void adjustThreadCount(android.net.NetworkInfo)
com.squareup.picasso.PicassoExecutorService: void setThreadCount(int)
com.squareup.picasso.PicassoExecutorService: java.util.concurrent.Future submit(java.lang.Runnable)
com.squareup.picasso.PicassoExecutorService$PicassoFutureTask
com.squareup.picasso.PicassoExecutorService$PicassoFutureTask: com.squareup.picasso.BitmapHunter hunter
com.squareup.picasso.PicassoExecutorService$PicassoFutureTask: PicassoExecutorService$PicassoFutureTask(com.squareup.picasso.BitmapHunter)
com.squareup.picasso.PicassoExecutorService$PicassoFutureTask: int compareTo(com.squareup.picasso.PicassoExecutorService$PicassoFutureTask)
com.squareup.picasso.PicassoExecutorService$PicassoFutureTask: int compareTo(java.lang.Object)
com.squareup.picasso.RemoteViewsAction
com.squareup.picasso.RemoteViewsAction: android.widget.RemoteViews remoteViews
com.squareup.picasso.RemoteViewsAction: int viewId
com.squareup.picasso.RemoteViewsAction: com.squareup.picasso.RemoteViewsAction$RemoteViewsTarget target
com.squareup.picasso.RemoteViewsAction: RemoteViewsAction(com.squareup.picasso.Picasso,com.squareup.picasso.Request,android.widget.RemoteViews,int,int,int,int,java.lang.Object,java.lang.String)
com.squareup.picasso.RemoteViewsAction: void complete(android.graphics.Bitmap,com.squareup.picasso.Picasso$LoadedFrom)
com.squareup.picasso.RemoteViewsAction: void error()
com.squareup.picasso.RemoteViewsAction: com.squareup.picasso.RemoteViewsAction$RemoteViewsTarget getTarget()
com.squareup.picasso.RemoteViewsAction: void setImageResource(int)
com.squareup.picasso.RemoteViewsAction: void update()
com.squareup.picasso.RemoteViewsAction: java.lang.Object getTarget()