app/mapping.txt
com.minamion.akashi_toolkit.Main.JSON2 -> com.minamion.akashi_toolkit.Main.a:
    java.lang.Thread runnable -> a
    java.lang.String readParse(java.lang.String) -> a
    void <clinit>() -> <clinit>
com.minamion.akashi_toolkit.Main.JSON2$1 -> com.minamion.akashi_toolkit.Main.b:
    void <init>() -> <init>
    void run() -> run
com.minamion.akashi_toolkit.Main.Main -> com.minamion.akashi_toolkit.Main.Main:
    java.util.ArrayList listItem -> i
    android.support.v4.widget.SwipeRefreshLayout time_refresh_layout -> m
    android.widget.SimpleAdapter listItemAdapter -> n
    android.widget.ListView listview_update -> j
    android.os.Handler mHandler -> k
    java.lang.String getJSON -> l
    void <init>() -> <init>
    void onCreate(android.os.Bundle) -> onCreate
    android.view.animation.LayoutAnimationController getListAnim() -> l
    void onBackPressed() -> onBackPressed
    boolean onCreateOptionsMenu(android.view.Menu) -> onCreateOptionsMenu
    boolean onOptionsItemSelected(android.view.MenuItem) -> onOptionsItemSelected
    boolean onNavigationItemSelected(android.view.MenuItem) -> a
    android.widget.SimpleAdapter access$000() -> j
    android.support.v4.widget.SwipeRefreshLayout access$100() -> k
    void <clinit>() -> <clinit>
com.minamion.akashi_toolkit.Main.Main$1 -> com.minamion.akashi_toolkit.Main.c:
    void <init>() -> <init>
    void handleMessage(android.os.Message) -> handleMessage
com.minamion.akashi_toolkit.Main.Main$2 -> com.minamion.akashi_toolkit.Main.d:
    com.minamion.akashi_toolkit.Main.Main this$0 -> a
    void <init>(com.minamion.akashi_toolkit.Main.Main) -> <init>
    void run() -> run
com.minamion.akashi_toolkit.Main.Main$3 -> com.minamion.akashi_toolkit.Main.e:
    com.minamion.akashi_toolkit.Main.Main this$0 -> a
    void <init>(com.minamion.akashi_toolkit.Main.Main) -> <init>
    void onRefresh() -> a
com.minamion.akashi_toolkit.OnOpen.Welcome -> com.minamion.akashi_toolkit.OnOpen.Welcome:
    pl.tajchert.sample.DotsTextView dots -> i
    void <init>() -> <init>
    void onCreate(android.os.Bundle) -> onCreate
com.minamion.akashi_toolkit.OnOpen.Welcome$1 -> com.minamion.akashi_toolkit.OnOpen.a:
    com.minamion.akashi_toolkit.OnOpen.Welcome this$0 -> a
    void <init>(com.minamion.akashi_toolkit.OnOpen.Welcome) -> <init>
    void run() -> run
com.minamion.akashi_toolkit.Update.Aboutapp -> com.minamion.akashi_toolkit.Update.Aboutapp:
    java.lang.String localver -> i
    void <init>() -> <init>
    void onCreate(android.os.Bundle) -> onCreate
    boolean onOptionsItemSelected(android.view.MenuItem) -> onOptionsItemSelected
    void fillTextView(int,java.lang.String) -> a
com.minamion.akashi_toolkit.Update.Aboutapp$1 -> com.minamion.akashi_toolkit.Update.a:
    com.minamion.akashi_toolkit.Update.Aboutapp this$0 -> a
    void <init>(com.minamion.akashi_toolkit.Update.Aboutapp) -> <init>
    void onClick(android.view.View) -> onClick
com.minamion.akashi_toolkit.Update.Aboutapp$1$1 -> com.minamion.akashi_toolkit.Update.b:
    com.minamion.akashi_toolkit.Update.Aboutapp$1 this$1 -> a
    void <init>(com.minamion.akashi_toolkit.Update.Aboutapp$1) -> <init>
    void onClick(android.view.View) -> onClick
com.minamion.akashi_toolkit.Update.MyThread -> com.minamion.akashi_toolkit.Update.c:
    void <init>() -> <init>
    void run() -> run
com.minamion.akashi_toolkit.Update.ParseXmlService -> com.minamion.akashi_toolkit.Update.d:
    void <init>() -> <init>
    java.util.HashMap parseXml(java.io.InputStream) -> a
...
android.support.v7.internal.view.menu.ListMenuPresenter -> android.support.v7.internal.view.menu.g:
    android.content.Context mContext -> a
    android.view.LayoutInflater mInflater -> b
    android.support.v7.internal.view.menu.MenuBuilder mMenu -> c
    android.support.v7.internal.view.menu.ExpandedMenuView mMenuView -> d
    int mItemIndexOffset -> h
    int mThemeRes -> e
    int mItemLayoutRes -> f
    android.support.v7.internal.view.menu.MenuPresenter$Callback mCallback -> i
    android.support.v7.internal.view.menu.ListMenuPresenter$MenuAdapter mAdapter -> g
    int mId -> j
    void <init>(android.content.Context,int) -> <init>
    void <init>(int,int) -> <init>
    void initForMenu(android.content.Context,android.support.v7.internal.view.menu.MenuBuilder) -> a
    android.support.v7.internal.view.menu.MenuView getMenuView(android.view.ViewGroup) -> a
    android.widget.ListAdapter getAdapter() -> d
    void updateMenuView(boolean) -> a
    void setCallback(android.support.v7.internal.view.menu.MenuPresenter$Callback) -> a
    boolean onSubMenuSelected(android.support.v7.internal.view.menu.SubMenuBuilder) -> a
    void onCloseMenu(android.support.v7.internal.view.menu.MenuBuilder,boolean) -> a
    void onItemClick(android.widget.AdapterView,android.view.View,int,long) -> onItemClick
    boolean flagActionItems() -> a
    boolean expandItemActionView(android.support.v7.internal.view.menu.MenuBuilder,android.support.v7.internal.view.menu.MenuItemImpl) -> a
android.support.v7.internal.view.menu.ListMenuPresenter$MenuAdapter -> android.support.v7.internal.view.menu.h:
    int mExpandedIndex -> b
    android.support.v7.internal.view.menu.ListMenuPresenter this$0 -> a
    void <init>(android.support.v7.internal.view.menu.ListMenuPresenter) -> <init>
    int getCount() -> getCount
    android.support.v7.internal.view.menu.MenuItemImpl getItem(int) -> a
    long getItemId(int) -> getItemId
    android.view.View getView(int,android.view.View,android.view.ViewGroup) -> getView
    void findExpandedIndex() -> a
    void notifyDataSetChanged() -> notifyDataSetChanged
    java.lang.Object getItem(int) -> getItem
android.support.v7.internal.view.menu.MenuBuilder -> android.support.v7.internal.view.menu.i:
    int[] sCategoryToOrder -> d
    android.content.Context mContext -> e
    android.content.res.Resources mResources -> f
    boolean mQwertyMode -> g
    boolean mShortcutsVisible -> h
    android.support.v7.internal.view.menu.MenuBuilder$Callback mCallback -> i
    java.util.ArrayList mItems -> j
    java.util.ArrayList mVisibleItems -> k
    boolean mIsVisibleItemsStale -> l
    java.util.ArrayList mActionItems -> m
    java.util.ArrayList mNonActionItems -> n
    boolean mIsActionItemsStale -> o
    int mDefaultShowAsAction -> p
    android.view.ContextMenu$ContextMenuInfo mCurrentMenuInfo -> q
    java.lang.CharSequence mHeaderTitle -> a
    android.graphics.drawable.Drawable mHeaderIcon -> b
    android.view.View mHeaderView -> c
    boolean mPreventDispatchingItemsChanged -> r
    boolean mItemsChangedWhileDispatchPrevented -> s
    boolean mOptionalIconsVisible -> t
    boolean mIsClosing -> u
    java.util.ArrayList mTempShortcutItemList -> v
    java.util.concurrent.CopyOnWriteArrayList mPresenters -> w
    android.support.v7.internal.view.menu.MenuItemImpl mExpandedItem -> x
    boolean mOverrideVisibleItems -> y
    void <init>(android.content.Context) -> <init>
    android.support.v7.internal.view.menu.MenuBuilder setDefaultShowAsAction(int) -> a
    void addMenuPresenter(android.support.v7.internal.view.menu.MenuPresenter) -> a
android.support.v7.internal.view.menu.MenuBuilder$Callback -> android.support.v7.internal.view.menu.j:
    boolean onMenuItemSelected(android.support.v7.internal.view.menu.MenuBuilder,android.view.MenuItem) -> a
    void onMenuModeChange(android.support.v7.internal.view.menu.MenuBuilder) -> a