app/unused.txt
com.minamion.akashi_toolkit.BuildConfig
com.minamion.akashi_toolkit.Main.DBHelper
com.minamion.akashi_toolkit.Main.JSON2:
    21:21:public JSON2()
com.minamion.akashi_toolkit.OnOpen.Welcome:
    private static final int check
com.minamion.akashi_toolkit.R
com.minamion.akashi_toolkit.R$anim
com.minamion.akashi_toolkit.R$array
com.minamion.akashi_toolkit.R$attr
com.minamion.akashi_toolkit.R$bool
com.minamion.akashi_toolkit.R$color
com.minamion.akashi_toolkit.R$dimen
com.minamion.akashi_toolkit.R$drawable
com.minamion.akashi_toolkit.R$id
com.minamion.akashi_toolkit.R$integer
com.minamion.akashi_toolkit.R$layout
com.minamion.akashi_toolkit.R$menu
com.minamion.akashi_toolkit.R$mipmap
com.minamion.akashi_toolkit.R$string
com.minamion.akashi_toolkit.R$style
com.minamion.akashi_toolkit.R$styleable
com.minamion.akashi_toolkit.Update.Aboutapp:
    java.lang.String serverver
com.minamion.akashi_toolkit.Update.UpdateManager:
    private static final int DOWNLOAD
    private static final int get
    private static final int DOWNLOAD_FINISH
    private android.app.Dialog mDownloadDialog
    98:101:public int checkUpdate_onbtn()
    109:110:public java.lang.String checkserver_ver()
    164:185:public void showDownloadDialog()
    192:193:private void downloadApk()
    30:30:static synthetic boolean access$302(com.minamion.akashi_toolkit.Update.UpdateManager,boolean)
    30:30:static synthetic java.lang.String access$502(com.minamion.akashi_toolkit.Update.UpdateManager,java.lang.String)
    30:30:static synthetic java.lang.String access$500(com.minamion.akashi_toolkit.Update.UpdateManager)
    30:30:static synthetic int access$002(com.minamion.akashi_toolkit.Update.UpdateManager,int)
    30:30:static synthetic android.os.Handler access$600(com.minamion.akashi_toolkit.Update.UpdateManager)
    30:30:static synthetic boolean access$300(com.minamion.akashi_toolkit.Update.UpdateManager)
    30:30:static synthetic android.app.Dialog access$700(com.minamion.akashi_toolkit.Update.UpdateManager)
com.minamion.akashi_toolkit.Update.UpdateManager$3
com.minamion.akashi_toolkit.Update.UpdateManager$downloadApkThread
com.minamion.akashi_toolkit.tools.JSONUtil:
    30:30:public JSONUtil()
com.minamion.akashi_toolkit.tools.JSONtoHTML:
    23:23:public JSONtoHTML()
com.minamion.akashi_toolkit.tools.MyAdapter
com.minamion.akashi_toolkit.tools.ViewHolder
com.minamion.akashi_toolkit.tools.map.map1
com.minamion.akashi_toolkit.tools.map.mapicon:
    18:20:android.graphics.Bitmap loadimage(int,android.graphics.Bitmap)
    25:81:void test()
com.minamion.akashi_toolkit.tools.publictings:
    14:14:public publictings()
...
android.support.v4.media.session.MediaControllerCompat$MediaControllerImplApi23
android.support.v4.media.session.MediaControllerCompat$MediaControllerImplBase
android.support.v4.media.session.MediaControllerCompat$PlaybackInfo
android.support.v4.media.session.MediaControllerCompat$TransportControls
android.support.v4.media.session.MediaControllerCompat$TransportControlsApi21
android.support.v4.media.session.MediaControllerCompat$TransportControlsApi23
android.support.v4.media.session.MediaControllerCompat$TransportControlsBase
android.support.v4.media.session.MediaControllerCompatApi21
android.support.v4.media.session.MediaControllerCompatApi21$Callback
android.support.v4.media.session.MediaControllerCompatApi21$CallbackProxy
android.support.v4.media.session.MediaControllerCompatApi21$PlaybackInfo
android.support.v4.media.session.MediaControllerCompatApi21$TransportControls
android.support.v4.media.session.MediaControllerCompatApi23
android.support.v4.media.session.MediaControllerCompatApi23$TransportControls
android.support.v4.media.session.MediaSessionCompat:
    private static final java.lang.String TAG
    private final android.support.v4.media.session.MediaSessionCompat$MediaSessionImpl mImpl
    private final android.support.v4.media.session.MediaControllerCompat mController
    private final java.util.ArrayList mActiveListeners
    public static final int FLAG_HANDLES_MEDIA_BUTTONS
    public static final int FLAG_HANDLES_TRANSPORT_CONTROLS
    118:119:public MediaSessionCompat(android.content.Context,java.lang.String)
    87:179:public MediaSessionCompat(android.content.Context,java.lang.String,android.content.ComponentName,android.app.PendingIntent)
    87:184:private MediaSessionCompat(android.content.Context,android.support.v4.media.session.MediaSessionCompat$MediaSessionImpl)
    194:195:public void setCallback(android.support.v4.media.session.MediaSessionCompat$Callback)
    206:207:public void setCallback(android.support.v4.media.session.MediaSessionCompat$Callback,android.os.Handler)
    218:219:public void setSessionActivity(android.app.PendingIntent)
    235:236:public void setMediaButtonReceiver(android.app.PendingIntent)
    244:245:public void setFlags(int)
    258:259:public void setPlaybackToLocal(int)
    277:281:public void setPlaybackToRemote(android.support.v4.media.VolumeProviderCompat)
    297:301:public void setActive(boolean)
    309:309:public boolean isActive()
    321:325:public void sendSessionEvent(java.lang.String,android.os.Bundle)
android.support.v4.media.session.MediaSessionCompat$Callback
android.support.v4.media.session.MediaSessionCompat$Callback$StubApi21
android.support.v4.media.session.MediaSessionCompat$Callback$StubApi23
android.support.v4.media.session.MediaSessionCompat$MediaSessionImpl
android.support.v4.media.session.MediaSessionCompat$MediaSessionImplApi21
android.support.v4.media.session.MediaSessionCompat$MediaSessionImplBase
android.support.v4.media.session.MediaSessionCompat$MediaSessionImplBase$1
android.support.v4.media.session.MediaSessionCompat$MediaSessionImplBase$2
android.support.v4.media.session.MediaSessionCompat$MediaSessionImplBase$Command
android.support.v4.media.session.MediaSessionCompat$MediaSessionImplBase$MediaSessionStub
android.support.v4.media.session.MediaSessionCompat$MediaSessionImplBase$MessageHandler
android.support.v4.media.session.MediaSessionCompat$OnActiveChangeListener